# ELBREAD: Elaboration process.
# ELBREAD: Elaboration time 0.0 [s].
asim -t ns -O5 +access +r +m+usuario usuario USUARIO_ARCHITECTURE
# ELBREAD: Elaboration process.
# ELBREAD: Elaboration time 0.0 [s].
# VSIM: Stack memory: 32MB
# VSIM: Retval memory: 32MB
# 
# KERNEL: Main thread initiated.
# KERNEL: Kernel process initialization phase.
# ELAB2: Elaboration final pass...
# ELAB2: Create instances ...
# KERNEL: Time resolution set to 1ns.
# ELAB2: Create instances complete.
# SLP: Started
# SLP: Elaboration phase ...
# SLP: Elaboration phase ... skipped, nothing to simulate in SLP mode : 0.0 [s]
# SLP: Finished : 0.0 [s]
# ELAB2: Elaboration final pass complete - time: 0.1 [s].
# KERNEL: Warning: You are using the Active-HDL Student Edition. The performance of simulation is running at a reduced rate.
# KERNEL: Warning: Contact Aldec for available upgrade options - sales@aldec.com.
# KERNEL: Kernel process initialization done.
# Allocation: Simulator allocated 50138 kB (elbread=427 elab2=49562 kernel=149 sdf=0)
# KERNEL: ASDB file was created in location C:\Users\franc\Desktop\TDA_1819\TDA_1819\src\wave.asdb
#  11:12 PM, Sunday, November 20, 2022
#  Simulation has been initialized
run 100 ns
# KERNEL: stopped at time: 100 ns
# add wave -noreg {/usuario/DoneCompUser}
# add wave -noreg {/usuario/DoneCpuUser}
# add wave -noreg {/usuario/ReadyUser}
# VSIM: 3 object(s) traced.
# Waveform file 'untitled.awc' connected to 'C:/Users/franc/Desktop/TDA_1819/TDA_1819/src/wave.asdb'.
run 100 ns
# KERNEL: stopped at time: 200 ns
restart
# ELBREAD: Elaboration process.
# ELBREAD: Elaboration time 0.0 [s].
# 
# KERNEL: Main thread initiated.
# KERNEL: Kernel process initialization phase.
# ELAB2: Elaboration final pass...
# ELAB2: Create instances ...
# KERNEL: Time resolution set to 1ns.
# ELAB2: Create instances complete.
# SLP: Started
# SLP: Elaboration phase ...
# SLP: Elaboration phase ... skipped, nothing to simulate in SLP mode : 0.0 [s]
# SLP: Finished : 0.0 [s]
# ELAB2: Elaboration final pass complete - time: 0.1 [s].
# KERNEL: Warning: You are using the Active-HDL Student Edition. The performance of simulation is running at a reduced rate.
# KERNEL: Warning: Contact Aldec for available upgrade options - sales@aldec.com.
# KERNEL: Kernel process initialization done.
# Allocation: Simulator allocated 50138 kB (elbread=427 elab2=49562 kernel=149 sdf=0)
# KERNEL: ASDB file was created in location C:\Users\franc\Desktop\TDA_1819\TDA_1819\src\wave.asdb
#  11:12 PM, Sunday, November 20, 2022
#  Simulation has been initialized
# Waveform file 'untitled.awc' connected to 'C:/Users/franc/Desktop/TDA_1819/TDA_1819/src/wave.asdb'.
# add wave -noreg {/usuario/UUT/UUT2/UUT7/IR}
# add wave -noreg {/usuario/UUT/UUT2/UUT7/IP}
# add wave -noreg {/usuario/UUT/UUT2/UUT7/FLAGS}
# add wave -noreg {/usuario/UUT/UUT2/UUT7/FPFLAGS}
# add wave -noreg {/usuario/UUT/UUT2/UUT7/BP}
# add wave -noreg {/usuario/UUT/UUT2/UUT7/SP}
# add wave -noreg {/usuario/UUT/UUT2/UUT7/RA}
# add wave -noreg {/usuario/UUT/UUT2/UUT7/R0}
# add wave -noreg {/usuario/UUT/UUT2/UUT7/R1}
# add wave -noreg {/usuario/UUT/UUT2/UUT7/R2}
# add wave -noreg {/usuario/UUT/UUT2/UUT7/R3}
# add wave -noreg {/usuario/UUT/UUT2/UUT7/R4}
# add wave -noreg {/usuario/UUT/UUT2/UUT7/R5}
# add wave -noreg {/usuario/UUT/UUT2/UUT7/R6}
# add wave -noreg {/usuario/UUT/UUT2/UUT7/R7}
# add wave -noreg {/usuario/UUT/UUT2/UUT7/R8}
# add wave -noreg {/usuario/UUT/UUT2/UUT7/R9}
# add wave -noreg {/usuario/UUT/UUT2/UUT7/R10}
# add wave -noreg {/usuario/UUT/UUT2/UUT7/R11}
# add wave -noreg {/usuario/UUT/UUT2/UUT7/R12}
# add wave -noreg {/usuario/UUT/UUT2/UUT7/R13}
# add wave -noreg {/usuario/UUT/UUT2/UUT7/R14}
# add wave -noreg {/usuario/UUT/UUT2/UUT7/R15}
# add wave -noreg {/usuario/UUT/UUT2/UUT7/F0}
# add wave -noreg {/usuario/UUT/UUT2/UUT7/F1}
# add wave -noreg {/usuario/UUT/UUT2/UUT7/F2}
# add wave -noreg {/usuario/UUT/UUT2/UUT7/F3}
# add wave -noreg {/usuario/UUT/UUT2/UUT7/F4}
# add wave -noreg {/usuario/UUT/UUT2/UUT7/F5}
# add wave -noreg {/usuario/UUT/UUT2/UUT7/F6}
# add wave -noreg {/usuario/UUT/UUT2/UUT7/F7}
# add wave -noreg {/usuario/UUT/UUT2/UUT7/F8}
# add wave -noreg {/usuario/UUT/UUT2/UUT7/F9}
# add wave -noreg {/usuario/UUT/UUT2/UUT7/F10}
# add wave -noreg {/usuario/UUT/UUT2/UUT7/F11}
# add wave -noreg {/usuario/UUT/UUT2/UUT7/F12}
# add wave -noreg {/usuario/UUT/UUT2/UUT7/F13}
# add wave -noreg {/usuario/UUT/UUT2/UUT7/F14}
# add wave -noreg {/usuario/UUT/UUT2/UUT7/F15}
# add wave -noreg {/usuario/UUT/UUT2/UUT7/DataRegOutIF}
# add wave -noreg {/usuario/UUT/UUT2/UUT7/DataRegOutID}
# add wave -noreg {/usuario/UUT/UUT2/UUT7/DataRegOutEXALU}
# add wave -noreg {/usuario/UUT/UUT2/UUT7/DataRegOutEXFPU}
# add wave -noreg {/usuario/UUT/UUT2/UUT7/DataRegFP}
# add wave -noreg {/usuario/UUT/UUT2/UUT7/IdRegFP}
# add wave -noreg {/usuario/UUT/UUT2/UUT7/EnableRegFP}
# add wave -noreg {/usuario/UUT/UUT2/UUT7/DataRegInIF}
# add wave -noreg {/usuario/UUT/UUT2/UUT7/DataRegInID}
# add wave -noreg {/usuario/UUT/UUT2/UUT7/DataRegInEXALU}
# add wave -noreg {/usuario/UUT/UUT2/UUT7/DataRegInEXFPU}
# add wave -noreg {/usuario/UUT/UUT2/UUT7/DataRegInWB}
# add wave -noreg {/usuario/UUT/UUT2/UUT7/IdRegID}
# add wave -noreg {/usuario/UUT/UUT2/UUT7/IdRegWB}
# add wave -noreg {/usuario/UUT/UUT2/UUT7/SizeRegID}
# add wave -noreg {/usuario/UUT/UUT2/UUT7/SizeRegWB}
# add wave -noreg {/usuario/UUT/UUT2/UUT7/EnableRegIFIPRd}
# add wave -noreg {/usuario/UUT/UUT2/UUT7/EnableRegIFIRWr}
# add wave -noreg {/usuario/UUT/UUT2/UUT7/EnableRegIFIPWr}
# add wave -noreg {/usuario/UUT/UUT2/UUT7/EnableRegID}
# add wave -noreg {/usuario/UUT/UUT2/UUT7/EnableRegIDIP}
# add wave -noreg {/usuario/UUT/UUT2/UUT7/EnableRegEXALURd}
# add wave -noreg {/usuario/UUT/UUT2/UUT7/EnableRegEXFPURd}
# add wave -noreg {/usuario/UUT/UUT2/UUT7/EnableRegEXALUWr}
# add wave -noreg {/usuario/UUT/UUT2/UUT7/EnableRegEXFPUWr}
# add wave -noreg {/usuario/UUT/UUT2/UUT7/EnableRegEXALUIP}
# add wave -noreg {/usuario/UUT/UUT2/UUT7/EnableRegWB}
# VSIM: 66 object(s) traced.
# add wave -noreg {/usuario/UUT/UUT2/UUT3/PipeNO}
# add wave -noreg {/usuario/UUT/UUT2/UUT3/PipeFP}
# add wave -noreg {/usuario/UUT/UUT2/UUT3/MARecords}
# add wave -noreg {/usuario/UUT/UUT2/UUT3/MAFPRecords}
# add wave -noreg {/usuario/UUT/UUT2/UUT3/WBRecords}
# add wave -noreg {/usuario/UUT/UUT2/UUT3/WBFPRecords}
# add wave -noreg {/usuario/UUT/UUT2/UUT3/RecInMA}
# add wave -noreg {/usuario/UUT/UUT2/UUT3/RecInWB}
# add wave -noreg {/usuario/UUT/UUT2/UUT3/PipeFP_4}
# add wave -noreg {/usuario/UUT/UUT2/UUT3/StallSTRW}
# add wave -noreg {/usuario/UUT/UUT2/UUT3/StallSTR}
# add wave -noreg {/usuario/UUT/UUT2/UUT3/StallWAWAux}
# add wave -noreg {/usuario/UUT/UUT2/UUT3/Fp}
# add wave -noreg {/usuario/UUT/UUT2/UUT3/IDtoMA}
# add wave -noreg {/usuario/UUT/UUT2/UUT3/IDtoWB}
# add wave -noreg {/usuario/UUT/UUT2/UUT3/DataEXtoWB}
# add wave -noreg {/usuario/UUT/UUT2/UUT3/DataMAtoWB}
# add wave -noreg {/usuario/UUT/UUT2/UUT3/EnablePDA_ID}
# add wave -noreg {/usuario/UUT/UUT2/UUT3/EnablePDA_EX}
# add wave -noreg {/usuario/UUT/UUT2/UUT3/EnablePDA_MA}
# VSIM: 20 object(s) traced.
# add wave -noreg {/usuario/UUT/UUT2/UUT2/IFtoID}
# add wave -noreg {/usuario/UUT/UUT2/UUT2/EXFPUPending}
# add wave -noreg {/usuario/UUT/UUT2/UUT2/StallBrEX}
# add wave -noreg {/usuario/UUT/UUT2/UUT2/StallHLT}
# add wave -noreg {/usuario/UUT/UUT2/UUT2/StopInit}
# add wave -noreg {/usuario/UUT/UUT2/UUT2/DoneID}
# add wave -noreg {/usuario/UUT/UUT2/UUT2/IdInstIncWrPend}
# add wave -noreg {/usuario/UUT/UUT2/UUT2/IdRegIncWrPend}
# add wave -noreg {/usuario/UUT/UUT2/UUT2/IdRegDecWrPend}
# add wave -noreg {/usuario/UUT/UUT2/UUT2/BranchIDtoSM}
# add wave -noreg {/usuario/UUT/UUT2/UUT2/IDtoMA}
# add wave -noreg {/usuario/UUT/UUT2/UUT2/DataRegInID}
# add wave -noreg {/usuario/UUT/UUT2/UUT2/IdRegID}
# add wave -noreg {/usuario/UUT/UUT2/UUT2/SizeRegID}
# add wave -noreg {/usuario/UUT/UUT2/UUT2/DataRegInWB}
# add wave -noreg {/usuario/UUT/UUT2/UUT2/IdRegWB}
# add wave -noreg {/usuario/UUT/UUT2/UUT2/SizeRegWB}
# add wave -noreg {/usuario/UUT/UUT2/UUT2/DataRegInEXALU}
# add wave -noreg {/usuario/UUT/UUT2/UUT2/DataRegInEXFPU}
# add wave -noreg {/usuario/UUT/UUT2/UUT2/DataEXtoWB}
# add wave -noreg {/usuario/UUT/UUT2/UUT2/DataMAtoWB}
# add wave -noreg {/usuario/UUT/UUT2/UUT2/DataRegInIF}
# add wave -noreg {/usuario/UUT/UUT2/UUT2/WbRegCheckWAW}
# add wave -noreg {/usuario/UUT/UUT2/UUT2/EnableCheckWAW}
# add wave -noreg {/usuario/UUT/UUT2/UUT2/DoneSTRW}
# add wave -noreg {/usuario/UUT/UUT2/UUT2/DataAddrBusCpu}
# add wave -noreg {/usuario/UUT/UUT2/UUT2/DataDataBusOutCpu}
# add wave -noreg {/usuario/UUT/UUT2/UUT2/DataSizeBusCpu}
# add wave -noreg {/usuario/UUT/UUT2/UUT2/DataCtrlBusCpu}
# add wave -noreg {/usuario/UUT/UUT2/UUT2/InstAddrBusCpu}
# add wave -noreg {/usuario/UUT/UUT2/UUT2/InstDataBusOutCpu}
# add wave -noreg {/usuario/UUT/UUT2/UUT2/InstSizeBusCpu}
# add wave -noreg {/usuario/UUT/UUT2/UUT2/InstCtrlBusCpu}
# add wave -noreg {/usuario/UUT/UUT2/UUT2/EnableRegIFIPRd}
# add wave -noreg {/usuario/UUT/UUT2/UUT2/EnableRegIFIRWr}
# add wave -noreg {/usuario/UUT/UUT2/UUT2/EnableRegIFIPWr}
# add wave -noreg {/usuario/UUT/UUT2/UUT2/EnableRegID}
# add wave -noreg {/usuario/UUT/UUT2/UUT2/EnableRegIDIP}
# add wave -noreg {/usuario/UUT/UUT2/UUT2/EnableRegEXALURd}
# add wave -noreg {/usuario/UUT/UUT2/UUT2/EnableRegEXFPURd}
# add wave -noreg {/usuario/UUT/UUT2/UUT2/EnableRegEXALUWr}
# add wave -noreg {/usuario/UUT/UUT2/UUT2/EnableRegEXFPUWr}
# add wave -noreg {/usuario/UUT/UUT2/UUT2/EnableRegEXALUIP}
# add wave -noreg {/usuario/UUT/UUT2/UUT2/EnableDecFPWrPend}
# add wave -noreg {/usuario/UUT/UUT2/UUT2/EnableCheckSTRM}
# add wave -noreg {/usuario/UUT/UUT2/UUT2/EnableRegWB}
# add wave -noreg {/usuario/UUT/UUT2/UUT2/EnableIncWrPend}
# add wave -noreg {/usuario/UUT/UUT2/UUT2/EnableIncFPWrPend}
# add wave -noreg {/usuario/UUT/UUT2/UUT2/EnableDecWrPend}
# add wave -noreg {/usuario/UUT/UUT2/UUT2/EnableCpuToDataMem}
# add wave -noreg {/usuario/UUT/UUT2/UUT2/EnableCpuToInstMem}
# add wave -noreg {/usuario/UUT/UUT2/UUT2/IDtoEX}
# add wave -noreg {/usuario/UUT/UUT2/UUT2/IDtoWB}
# add wave -noreg {/usuario/UUT/UUT2/UUT2/BranchEXALUtoSM}
# add wave -noreg {/usuario/UUT/UUT2/UUT2/EnableEXALU}
# add wave -noreg {/usuario/UUT/UUT2/UUT2/EnableEXFPU}
# add wave -noreg {/usuario/UUT/UUT2/UUT2/RecInMA}
# add wave -noreg {/usuario/UUT/UUT2/UUT2/RecInWB}
# add wave -noreg {/usuario/UUT/UUT2/UUT2/DataRegOutIF}
# add wave -noreg {/usuario/UUT/UUT2/UUT2/DataRegOutID}
# add wave -noreg {/usuario/UUT/UUT2/UUT2/DataRegOutEXALU}
# add wave -noreg {/usuario/UUT/UUT2/UUT2/DataRegOutEXFPU}
# add wave -noreg {/usuario/UUT/UUT2/UUT2/DataDataBusInCpu}
# add wave -noreg {/usuario/UUT/UUT2/UUT2/InstDataBusInCpu}
# add wave -noreg {/usuario/UUT/UUT2/UUT2/StallSTR}
# add wave -noreg {/usuario/UUT/UUT2/UUT2/StallRAW}
# add wave -noreg {/usuario/UUT/UUT2/UUT2/StallWAWAux}
# add wave -noreg {/usuario/UUT/UUT2/UUT2/WbRegDoneWAW}
# add wave -noreg {/usuario/UUT/UUT2/UUT2/DoneWAW}
# add wave -noreg {/usuario/UUT/UUT2/UUT2/StallWAW}
# add wave -noreg {/usuario/UUT/UUT2/UUT2/EnableInDataCpu}
# add wave -noreg {/usuario/UUT/UUT2/UUT2/EnableInInstCpu}
# add wave -noreg {/usuario/UUT/UUT2/UUT2/EnableIF}
# add wave -noreg {/usuario/UUT/UUT2/UUT2/EnableID}
# add wave -noreg {/usuario/UUT/UUT2/UUT2/EnableEX}
# add wave -noreg {/usuario/UUT/UUT2/UUT2/EnableMA}
# add wave -noreg {/usuario/UUT/UUT2/UUT2/EnableWB}
# VSIM: 77 object(s) traced.
# add wave -noreg {/usuario/UUT/UUT2/UUT7/IR}
# add wave -noreg {/usuario/UUT/UUT2/UUT7/IP}
# add wave -noreg {/usuario/UUT/UUT2/UUT7/FLAGS}
# add wave -noreg {/usuario/UUT/UUT2/UUT7/FPFLAGS}
# add wave -noreg {/usuario/UUT/UUT2/UUT7/BP}
# add wave -noreg {/usuario/UUT/UUT2/UUT7/SP}
# add wave -noreg {/usuario/UUT/UUT2/UUT7/RA}
# add wave -noreg {/usuario/UUT/UUT2/UUT7/R0}
# add wave -noreg {/usuario/UUT/UUT2/UUT7/R1}
# add wave -noreg {/usuario/UUT/UUT2/UUT7/R2}
# add wave -noreg {/usuario/UUT/UUT2/UUT7/R3}
# add wave -noreg {/usuario/UUT/UUT2/UUT7/R4}
# add wave -noreg {/usuario/UUT/UUT2/UUT7/R5}
# add wave -noreg {/usuario/UUT/UUT2/UUT7/R6}
# add wave -noreg {/usuario/UUT/UUT2/UUT7/R7}
# add wave -noreg {/usuario/UUT/UUT2/UUT7/R8}
# add wave -noreg {/usuario/UUT/UUT2/UUT7/R9}
# add wave -noreg {/usuario/UUT/UUT2/UUT7/R10}
# add wave -noreg {/usuario/UUT/UUT2/UUT7/R11}
# add wave -noreg {/usuario/UUT/UUT2/UUT7/R12}
# add wave -noreg {/usuario/UUT/UUT2/UUT7/R13}
# add wave -noreg {/usuario/UUT/UUT2/UUT7/R14}
# add wave -noreg {/usuario/UUT/UUT2/UUT7/R15}
# add wave -noreg {/usuario/UUT/UUT2/UUT7/F0}
# add wave -noreg {/usuario/UUT/UUT2/UUT7/F1}
# add wave -noreg {/usuario/UUT/UUT2/UUT7/F2}
# add wave -noreg {/usuario/UUT/UUT2/UUT7/F3}
# add wave -noreg {/usuario/UUT/UUT2/UUT7/F4}
# add wave -noreg {/usuario/UUT/UUT2/UUT7/F5}
# add wave -noreg {/usuario/UUT/UUT2/UUT7/F6}
# add wave -noreg {/usuario/UUT/UUT2/UUT7/F7}
# add wave -noreg {/usuario/UUT/UUT2/UUT7/F8}
# add wave -noreg {/usuario/UUT/UUT2/UUT7/F9}
# add wave -noreg {/usuario/UUT/UUT2/UUT7/F10}
# add wave -noreg {/usuario/UUT/UUT2/UUT7/F11}
# add wave -noreg {/usuario/UUT/UUT2/UUT7/F12}
# add wave -noreg {/usuario/UUT/UUT2/UUT7/F13}
# add wave -noreg {/usuario/UUT/UUT2/UUT7/F14}
# add wave -noreg {/usuario/UUT/UUT2/UUT7/F15}
# add wave -noreg {/usuario/UUT/UUT2/UUT7/DataRegOutIF}
# add wave -noreg {/usuario/UUT/UUT2/UUT7/DataRegOutID}
# add wave -noreg {/usuario/UUT/UUT2/UUT7/DataRegOutEXALU}
# add wave -noreg {/usuario/UUT/UUT2/UUT7/DataRegOutEXFPU}
# add wave -noreg {/usuario/UUT/UUT2/UUT7/DataRegFP}
# add wave -noreg {/usuario/UUT/UUT2/UUT7/IdRegFP}
# add wave -noreg {/usuario/UUT/UUT2/UUT7/EnableRegFP}
# add wave -noreg {/usuario/UUT/UUT2/UUT7/DataRegInIF}
# add wave -noreg {/usuario/UUT/UUT2/UUT7/DataRegInID}
# add wave -noreg {/usuario/UUT/UUT2/UUT7/DataRegInEXALU}
# add wave -noreg {/usuario/UUT/UUT2/UUT7/DataRegInEXFPU}
# add wave -noreg {/usuario/UUT/UUT2/UUT7/DataRegInWB}
# add wave -noreg {/usuario/UUT/UUT2/UUT7/IdRegID}
# add wave -noreg {/usuario/UUT/UUT2/UUT7/IdRegWB}
# add wave -noreg {/usuario/UUT/UUT2/UUT7/SizeRegID}
# add wave -noreg {/usuario/UUT/UUT2/UUT7/SizeRegWB}
# add wave -noreg {/usuario/UUT/UUT2/UUT7/EnableRegIFIPRd}
# add wave -noreg {/usuario/UUT/UUT2/UUT7/EnableRegIFIRWr}
# add wave -noreg {/usuario/UUT/UUT2/UUT7/EnableRegIFIPWr}
# add wave -noreg {/usuario/UUT/UUT2/UUT7/EnableRegID}
# add wave -noreg {/usuario/UUT/UUT2/UUT7/EnableRegIDIP}
# add wave -noreg {/usuario/UUT/UUT2/UUT7/EnableRegEXALURd}
# add wave -noreg {/usuario/UUT/UUT2/UUT7/EnableRegEXFPURd}
# add wave -noreg {/usuario/UUT/UUT2/UUT7/EnableRegEXALUWr}
# add wave -noreg {/usuario/UUT/UUT2/UUT7/EnableRegEXFPUWr}
# add wave -noreg {/usuario/UUT/UUT2/UUT7/EnableRegEXALUIP}
# add wave -noreg {/usuario/UUT/UUT2/UUT7/EnableRegWB}
# KERNEL: Warning: KERNEL_0291 Object "/usuario/UUT/UUT2/UUT7/IR" has already been traced.
# KERNEL: Warning: KERNEL_0291 Object "/usuario/UUT/UUT2/UUT7/IP" has already been traced.
# KERNEL: Warning: KERNEL_0291 Object "/usuario/UUT/UUT2/UUT7/FLAGS" has already been traced.
# KERNEL: Warning: KERNEL_0291 Object "/usuario/UUT/UUT2/UUT7/FPFLAGS" has already been traced.
# KERNEL: Warning: KERNEL_0291 Object "/usuario/UUT/UUT2/UUT7/BP" has already been traced.
# KERNEL: Warning: KERNEL_0291 Object "/usuario/UUT/UUT2/UUT7/SP" has already been traced.
# KERNEL: Warning: KERNEL_0291 Object "/usuario/UUT/UUT2/UUT7/RA" has already been traced.
# KERNEL: Warning: KERNEL_0291 Object "/usuario/UUT/UUT2/UUT7/R0" has already been traced.
# KERNEL: Warning: KERNEL_0291 Object "/usuario/UUT/UUT2/UUT7/R1" has already been traced.
# KERNEL: Warning: KERNEL_0291 Object "/usuario/UUT/UUT2/UUT7/R2" has already been traced.
# KERNEL: Warning: KERNEL_0291 Object "/usuario/UUT/UUT2/UUT7/R3" has already been traced.
# KERNEL: Warning: KERNEL_0291 Object "/usuario/UUT/UUT2/UUT7/R4" has already been traced.
# KERNEL: Warning: KERNEL_0291 Object "/usuario/UUT/UUT2/UUT7/R5" has already been traced.
# KERNEL: Warning: KERNEL_0291 Object "/usuario/UUT/UUT2/UUT7/R6" has already been traced.
# KERNEL: Warning: KERNEL_0291 Object "/usuario/UUT/UUT2/UUT7/R7" has already been traced.
# KERNEL: Warning: KERNEL_0291 Object "/usuario/UUT/UUT2/UUT7/R8" has already been traced.
# KERNEL: Warning: KERNEL_0291 Object "/usuario/UUT/UUT2/UUT7/R9" has already been traced.
# KERNEL: Warning: KERNEL_0291 Object "/usuario/UUT/UUT2/UUT7/R10" has already been traced.
# KERNEL: Warning: KERNEL_0291 Object "/usuario/UUT/UUT2/UUT7/R11" has already been traced.
# KERNEL: Warning: KERNEL_0291 Object "/usuario/UUT/UUT2/UUT7/R12" has already been traced.
# KERNEL: Warning: KERNEL_0291 Object "/usuario/UUT/UUT2/UUT7/R13" has already been traced.
# KERNEL: Warning: KERNEL_0291 Object "/usuario/UUT/UUT2/UUT7/R14" has already been traced.
# KERNEL: Warning: KERNEL_0291 Object "/usuario/UUT/UUT2/UUT7/R15" has already been traced.
# KERNEL: Warning: KERNEL_0291 Object "/usuario/UUT/UUT2/UUT7/F0" has already been traced.
# KERNEL: Warning: KERNEL_0291 Object "/usuario/UUT/UUT2/UUT7/F1" has already been traced.
# KERNEL: Warning: KERNEL_0291 Object "/usuario/UUT/UUT2/UUT7/F2" has already been traced.
# KERNEL: Warning: KERNEL_0291 Object "/usuario/UUT/UUT2/UUT7/F3" has already been traced.
# KERNEL: Warning: KERNEL_0291 Object "/usuario/UUT/UUT2/UUT7/F4" has already been traced.
# KERNEL: Warning: KERNEL_0291 Object "/usuario/UUT/UUT2/UUT7/F5" has already been traced.
# KERNEL: Warning: KERNEL_0291 Object "/usuario/UUT/UUT2/UUT7/F6" has already been traced.
# KERNEL: Warning: KERNEL_0291 Object "/usuario/UUT/UUT2/UUT7/F7" has already been traced.
# KERNEL: Warning: KERNEL_0291 Object "/usuario/UUT/UUT2/UUT7/F8" has already been traced.
# KERNEL: Warning: KERNEL_0291 Object "/usuario/UUT/UUT2/UUT7/F9" has already been traced.
# KERNEL: Warning: KERNEL_0291 Object "/usuario/UUT/UUT2/UUT7/F10" has already been traced.
# KERNEL: Warning: KERNEL_0291 Object "/usuario/UUT/UUT2/UUT7/F11" has already been traced.
# KERNEL: Warning: KERNEL_0291 Object "/usuario/UUT/UUT2/UUT7/F12" has already been traced.
# KERNEL: Warning: KERNEL_0291 Object "/usuario/UUT/UUT2/UUT7/F13" has already been traced.
# KERNEL: Warning: KERNEL_0291 Object "/usuario/UUT/UUT2/UUT7/F14" has already been traced.
# KERNEL: Warning: KERNEL_0291 Object "/usuario/UUT/UUT2/UUT7/F15" has already been traced.
# KERNEL: Warning: KERNEL_0291 Object "/usuario/UUT/UUT2/UUT7/DataRegOutIF" has already been traced.
# KERNEL: Warning: KERNEL_0291 Object "/usuario/UUT/UUT2/UUT7/DataRegOutID" has already been traced.
# KERNEL: Warning: KERNEL_0291 Object "/usuario/UUT/UUT2/UUT7/DataRegOutEXALU" has already been traced.
# KERNEL: Warning: KERNEL_0291 Object "/usuario/UUT/UUT2/UUT7/DataRegOutEXFPU" has already been traced.
# KERNEL: Warning: KERNEL_0291 Object "/usuario/UUT/UUT2/UUT7/DataRegFP" has already been traced.
# KERNEL: Warning: KERNEL_0291 Object "/usuario/UUT/UUT2/UUT7/IdRegFP" has already been traced.
# KERNEL: Warning: KERNEL_0291 Object "/usuario/UUT/UUT2/UUT7/EnableRegFP" has already been traced.
# KERNEL: Warning: KERNEL_0291 Object "/usuario/UUT/UUT2/UUT7/DataRegInIF" has already been traced.
# KERNEL: Warning: KERNEL_0291 Object "/usuario/UUT/UUT2/UUT7/DataRegInID" has already been traced.
# KERNEL: Warning: KERNEL_0291 Object "/usuario/UUT/UUT2/UUT7/DataRegInEXALU" has already been traced.
# KERNEL: Warning: KERNEL_0291 Object "/usuario/UUT/UUT2/UUT7/DataRegInEXFPU" has already been traced.
# KERNEL: Warning: KERNEL_0291 Object "/usuario/UUT/UUT2/UUT7/DataRegInWB" has already been traced.
# KERNEL: Warning: KERNEL_0291 Object "/usuario/UUT/UUT2/UUT7/IdRegID" has already been traced.
# KERNEL: Warning: KERNEL_0291 Object "/usuario/UUT/UUT2/UUT7/IdRegWB" has already been traced.
# KERNEL: Warning: KERNEL_0291 Object "/usuario/UUT/UUT2/UUT7/SizeRegID" has already been traced.
# KERNEL: Warning: KERNEL_0291 Object "/usuario/UUT/UUT2/UUT7/SizeRegWB" has already been traced.
# KERNEL: Warning: KERNEL_0291 Object "/usuario/UUT/UUT2/UUT7/EnableRegIFIPRd" has already been traced.
# KERNEL: Warning: KERNEL_0291 Object "/usuario/UUT/UUT2/UUT7/EnableRegIFIRWr" has already been traced.
# KERNEL: Warning: KERNEL_0291 Object "/usuario/UUT/UUT2/UUT7/EnableRegIFIPWr" has already been traced.
# KERNEL: Warning: KERNEL_0291 Object "/usuario/UUT/UUT2/UUT7/EnableRegID" has already been traced.
# KERNEL: Warning: KERNEL_0291 Object "/usuario/UUT/UUT2/UUT7/EnableRegIDIP" has already been traced.
# KERNEL: Warning: KERNEL_0291 Object "/usuario/UUT/UUT2/UUT7/EnableRegEXALURd" has already been traced.
# KERNEL: Warning: KERNEL_0291 Object "/usuario/UUT/UUT2/UUT7/EnableRegEXFPURd" has already been traced.
# KERNEL: Warning: KERNEL_0291 Object "/usuario/UUT/UUT2/UUT7/EnableRegEXALUWr" has already been traced.
# KERNEL: Warning: KERNEL_0291 Object "/usuario/UUT/UUT2/UUT7/EnableRegEXFPUWr" has already been traced.
# KERNEL: Warning: KERNEL_0291 Object "/usuario/UUT/UUT2/UUT7/EnableRegEXALUIP" has already been traced.
# KERNEL: Warning: KERNEL_0291 Object "/usuario/UUT/UUT2/UUT7/EnableRegWB" has already been traced.
# VSIM: 0 object(s) traced.
restart
# ELBREAD: Elaboration process.
# ELBREAD: Elaboration time 0.0 [s].
# 
# KERNEL: Main thread initiated.
# KERNEL: Kernel process initialization phase.
# ELAB2: Elaboration final pass...
# ELAB2: Create instances ...
# KERNEL: Time resolution set to 1ns.
# ELAB2: Create instances complete.
# SLP: Started
# SLP: Elaboration phase ...
# SLP: Elaboration phase ... skipped, nothing to simulate in SLP mode : 0.0 [s]
# SLP: Finished : 0.0 [s]
# ELAB2: Elaboration final pass complete - time: 0.1 [s].
# KERNEL: Warning: You are using the Active-HDL Student Edition. The performance of simulation is running at a reduced rate.
# KERNEL: Warning: Contact Aldec for available upgrade options - sales@aldec.com.
# KERNEL: Kernel process initialization done.
# Allocation: Simulator allocated 50138 kB (elbread=427 elab2=49562 kernel=149 sdf=0)
# KERNEL: ASDB file was created in location C:\Users\franc\Desktop\TDA_1819\TDA_1819\src\wave.asdb
#  11:17 PM, Sunday, November 20, 2022
#  Simulation has been initialized
# Waveform file 'untitled.awc' connected to 'C:/Users/franc/Desktop/TDA_1819/TDA_1819/src/wave.asdb'.
run 100 ns
# KERNEL: stopped at time: 100 ns
restart
# ELBREAD: Elaboration process.
# ELBREAD: Elaboration time 0.0 [s].
# 
# KERNEL: Main thread initiated.
# KERNEL: Kernel process initialization phase.
# ELAB2: Elaboration final pass...
# ELAB2: Create instances ...
# KERNEL: Time resolution set to 1ns.
# ELAB2: Create instances complete.
# SLP: Started
# SLP: Elaboration phase ...
# SLP: Elaboration phase ... skipped, nothing to simulate in SLP mode : 0.0 [s]
# SLP: Finished : 0.0 [s]
# ELAB2: Elaboration final pass complete - time: 0.1 [s].
# KERNEL: Warning: You are using the Active-HDL Student Edition. The performance of simulation is running at a reduced rate.
# KERNEL: Warning: Contact Aldec for available upgrade options - sales@aldec.com.
# KERNEL: Kernel process initialization done.
# Allocation: Simulator allocated 50138 kB (elbread=427 elab2=49562 kernel=149 sdf=0)
# KERNEL: ASDB file was created in location C:\Users\franc\Desktop\TDA_1819\TDA_1819\src\wave.asdb
#  11:18 PM, Sunday, November 20, 2022
#  Simulation has been initialized
# Waveform file 'untitled.awc' connected to 'C:/Users/franc/Desktop/TDA_1819/TDA_1819/src/wave.asdb'.
run
# EXECUTION:: WARNING: El programa 'Assembler/ejercicio3.asm' ha sido ensamblado exitosamente
# EXECUTION:: Time: 229 ns,  Iteration: 1,  Instance: /usuario,  Process: Main.
# KERNEL: WARNING: NUMERIC_STD.TO_INTEGER: metavalue detected, returning 0
# KERNEL: Time: 2375 ns,  Iteration: 3,  Instance: /usuario/UUT/UUT2/UUT2/UUT3/UUT1,  Process: Main.
# EXECUTION:: WARNING: El programa 'Assembler/ejercicio3.asm' ha sido ejecutado exitosamente
# EXECUTION:: Time: 4250 ns,  Iteration: 1,  Instance: /usuario,  Process: Main.
# KERNEL: Simulation has finished. There are no more test vectors to simulate.
# Waveform file 'C:/Users/franc/Desktop/TDA_1819/TDA_1819/src/cauce_no_segmentado.awc' connected to 'C:/Users/franc/Desktop/TDA_1819/TDA_1819/src/cauce_no_segmentado.asdb'.
# Adding file C:\Users\franc\Desktop\TDA_1819\TDA_1819\src\cauce_no_segmentado.asdb ... Done
# Adding file C:\Users\franc\Desktop\TDA_1819\TDA_1819\src\cauce_no_segmentado.awc ... Done
# Adding file C:\Users\franc\Desktop\TDA_1819\TDA_1819\src\cauce_no_segmentado.awc ... Done
restart
# ELBREAD: Elaboration process.
# ELBREAD: Elaboration time 0.0 [s].
# 
# KERNEL: Main thread initiated.
# KERNEL: Kernel process initialization phase.
# ELAB2: Elaboration final pass...
# ELAB2: Create instances ...
# KERNEL: Time resolution set to 1ns.
# ELAB2: Create instances complete.
# SLP: Started
# SLP: Elaboration phase ...
# SLP: Elaboration phase ... skipped, nothing to simulate in SLP mode : 0.0 [s]
# SLP: Finished : 0.0 [s]
# ELAB2: Elaboration final pass complete - time: 0.1 [s].
# KERNEL: Warning: You are using the Active-HDL Student Edition. The performance of simulation is running at a reduced rate.
# KERNEL: Warning: Contact Aldec for available upgrade options - sales@aldec.com.
# KERNEL: Kernel process initialization done.
# Allocation: Simulator allocated 50138 kB (elbread=427 elab2=49562 kernel=149 sdf=0)
# KERNEL: ASDB file was created in location C:\Users\franc\Desktop\TDA_1819\TDA_1819\src\wave.asdb
#  11:19 PM, Sunday, November 20, 2022
#  Simulation has been initialized
restart
# ELBREAD: Elaboration process.
# ELBREAD: Elaboration time 0.0 [s].
# 
# KERNEL: Main thread initiated.
# KERNEL: Kernel process initialization phase.
# ELAB2: Elaboration final pass...
# ELAB2: Create instances ...
# KERNEL: Time resolution set to 1ns.
# ELAB2: Create instances complete.
# SLP: Started
# SLP: Elaboration phase ...
# SLP: Elaboration phase ... skipped, nothing to simulate in SLP mode : 0.0 [s]
# SLP: Finished : 0.0 [s]
# ELAB2: Elaboration final pass complete - time: 0.1 [s].
# KERNEL: Warning: You are using the Active-HDL Student Edition. The performance of simulation is running at a reduced rate.
# KERNEL: Warning: Contact Aldec for available upgrade options - sales@aldec.com.
# KERNEL: Kernel process initialization done.
# Allocation: Simulator allocated 50138 kB (elbread=427 elab2=49562 kernel=149 sdf=0)
# KERNEL: ASDB file was created in location C:\Users\franc\Desktop\TDA_1819\TDA_1819\src\wave.asdb
#  11:19 PM, Sunday, November 20, 2022
#  Simulation has been initialized
acom -O3 -e 100 -work tda_1819 -2002  $dsn/src/Packages/const_reloj.vhd $dsn/src/Packages/tipos_cpu.vhd $dsn/src/Packages/tipos_memoria.vhd $dsn/src/Packages/const_memoria.vhd $dsn/src/Packages/const_registros.vhd $dsn/src/Packages/const_flags.vhd $dsn/src/Packages/const_buses.vhd $dsn/src/Packages/const_cpu.vhd $dsn/src/Packages/tipos_ensamblador.vhd $dsn/src/Packages/repert_cpu.vhd $dsn/src/Packages/tipos_ascii.vhd $dsn/src/Packages/const_ascii.vhd $dsn/src/Packages/func_ensamblador.vhd $dsn/src/Packages/const_ensamblador.vhd $dsn/src/Usuario/usuario.vhd $dsn/src/Usuario/PC/pc.vhd "$dsn/src/Usuario/PC/1. Ensamblador/ensamblador.vhd" "$dsn/src/Usuario/PC/2. CPU/cpu.vhd" "$dsn/src/Usuario/PC/2. CPU/1. UI/ui.vhd" "$dsn/src/Usuario/PC/2. CPU/1. UI/1. Máquina de Estados/states_machine.vhd" "$dsn/src/Usuario/PC/2. CPU/1. UI/2. Registros FP/registros_fp.vhd" "$dsn/src/Usuario/PC/2. CPU/2. Etapas/etapas.vhd" "$dsn/src/Usuario/PC/2. CPU/2. Etapas/1. Fetch/fetch.vhd" "$dsn/src/Usuario/PC/2. CPU/2. Etapas/2. Decode/decode.vhd" "$dsn/src/Usuario/PC/2. CPU/2. Etapas/3. Execute/execute.vhd" "$dsn/src/Usuario/PC/2. CPU/2. Etapas/3. Execute/1. ALU/execute_alu.vhd" "$dsn/src/Usuario/PC/2. CPU/2. Etapas/3. Execute/2. FPU/execute_fpu.vhd" "$dsn/src/Usuario/PC/2. CPU/2. Etapas/4. Memory Access/memory_access.vhd" "$dsn/src/Usuario/PC/2. CPU/2. Etapas/5. Writeback/writeback.vhd" "$dsn/src/Usuario/PC/2. CPU/3. Pipeline_Registros/pipeline_registros.vhd" "$dsn/src/Usuario/PC/2. CPU/4. Atascos/atascos.vhd" "$dsn/src/Usuario/PC/2. CPU/4. Atascos/1. Estructurales/str_detector.vhd" "$dsn/src/Usuario/PC/2. CPU/4. Atascos/2. Datos/raw_waw_detector.vhd" "$dsn/src/Usuario/PC/2. CPU/5. CPU_Admin/cpu_admin.vhd" "$dsn/src/Usuario/PC/2. CPU/6. Reloj/reloj.vhd" "$dsn/src/Usuario/PC/2. CPU/7. Registros/registros.vhd" "$dsn/src/Usuario/PC/3. Buses_Admin/buses_admin.vhd" "$dsn/src/Usuario/PC/4. Memoria/memoria.vhd"
# Warning: DAGGEN_0523: The source is compiled without the -dbg switch. Line breakpoints and assertion debug will not be available.
# File: C:/Users/franc/Desktop/TDA_1819/TDA_1819/src/Packages/const_reloj.vhd
# Compile Package "const_reloj"
# Compile Package Body "const_reloj"
# File: C:/Users/franc/Desktop/TDA_1819/TDA_1819/src/Packages/tipos_cpu.vhd
# Compile Package "tipos_cpu"
# Compile Package Body "tipos_cpu"
# File: C:/Users/franc/Desktop/TDA_1819/TDA_1819/src/Packages/tipos_memoria.vhd
# Compile Package "tipos_memoria"
# Compile Package Body "tipos_memoria"
# File: C:/Users/franc/Desktop/TDA_1819/TDA_1819/src/Packages/const_memoria.vhd
# Compile Package "const_memoria"
# Compile Package Body "const_memoria"
# File: C:/Users/franc/Desktop/TDA_1819/TDA_1819/src/Packages/const_registros.vhd
# Compile Package "const_registros"
# Compile Package Body "const_registros"
# File: C:/Users/franc/Desktop/TDA_1819/TDA_1819/src/Packages/const_flags.vhd
# Compile Package "const_flags"
# Compile Package Body "const_flags"
# File: C:/Users/franc/Desktop/TDA_1819/TDA_1819/src/Packages/const_buses.vhd
# Compile Package "const_buses"
# Compile Package Body "const_buses"
# File: C:/Users/franc/Desktop/TDA_1819/TDA_1819/src/Packages/const_cpu.vhd
# Compile Package "const_cpu"
# Compile Package Body "const_cpu"
# File: C:/Users/franc/Desktop/TDA_1819/TDA_1819/src/Packages/tipos_ensamblador.vhd
# Compile Package "tipos_ensamblador"
# Compile Package Body "tipos_ensamblador"
# File: C:/Users/franc/Desktop/TDA_1819/TDA_1819/src/Packages/repert_cpu.vhd
# Compile Package "repert_cpu"
# Compile Package Body "repert_cpu"
# File: C:/Users/franc/Desktop/TDA_1819/TDA_1819/src/Packages/tipos_ascii.vhd
# Compile Package "tipos_ascii"
# Compile Package Body "tipos_ascii"
# File: C:/Users/franc/Desktop/TDA_1819/TDA_1819/src/Packages/const_ascii.vhd
# Compile Package "const_ascii"
# Compile Package Body "const_ascii"
# File: C:/Users/franc/Desktop/TDA_1819/TDA_1819/src/Packages/func_ensamblador.vhd
# Compile Package "func_ensamblador"
# Compile Package Body "func_ensamblador"
# File: C:/Users/franc/Desktop/TDA_1819/TDA_1819/src/Packages/const_ensamblador.vhd
# Compile Package "const_ensamblador"
# Compile Package Body "const_ensamblador"
# File: C:/Users/franc/Desktop/TDA_1819/TDA_1819/src/Usuario/usuario.vhd
# Compile Entity "usuario"
# Compile Architecture "USUARIO_ARCHITECTURE" of Entity "usuario"
# File: C:/Users/franc/Desktop/TDA_1819/TDA_1819/src/Usuario/PC/pc.vhd
# Compile Entity "pc"
# Compile Architecture "PC_ARCHITECTURE" of Entity "pc"
# File: C:/Users/franc/Desktop/TDA_1819/TDA_1819/src/Usuario/PC/1. Ensamblador/ensamblador.vhd
# Compile Entity "ensamblador"
# Compile Architecture "ENSAMBLADOR_ARCHITECTURE" of Entity "ensamblador"
# File: C:/Users/franc/Desktop/TDA_1819/TDA_1819/src/Usuario/PC/2. CPU/cpu.vhd
# Compile Entity "cpu"
# Compile Architecture "CPU_ARCHITECTURE" of Entity "cpu"
# File: C:/Users/franc/Desktop/TDA_1819/TDA_1819/src/Usuario/PC/2. CPU/1. UI/ui.vhd
# Compile Entity "ui"
# Compile Architecture "UI_ARCHITECTURE" of Entity "ui"
# File: C:/Users/franc/Desktop/TDA_1819/TDA_1819/src/Usuario/PC/2. CPU/1. UI/1. Máquina de Estados/states_machine.vhd
# Compile Entity "states_machine"
# Compile Architecture "STATES_MACHINE_ARCHITECTURE" of Entity "states_machine"
# File: C:/Users/franc/Desktop/TDA_1819/TDA_1819/src/Usuario/PC/2. CPU/1. UI/2. Registros FP/registros_fp.vhd
# Compile Entity "registros_fp"
# Compile Architecture "REGISTROS_FP_ARCHITECTURE" of Entity "registros_fp"
# File: C:/Users/franc/Desktop/TDA_1819/TDA_1819/src/Usuario/PC/2. CPU/2. Etapas/etapas.vhd
# Compile Entity "etapas"
# Compile Architecture "ETAPAS_ARCHITECTURE" of Entity "etapas"
# File: C:/Users/franc/Desktop/TDA_1819/TDA_1819/src/Usuario/PC/2. CPU/2. Etapas/1. Fetch/fetch.vhd
# Compile Entity "fetch"
# Compile Architecture "fetch_architecture" of Entity "fetch"
# File: C:/Users/franc/Desktop/TDA_1819/TDA_1819/src/Usuario/PC/2. CPU/2. Etapas/2. Decode/decode.vhd
# Compile Entity "decode"
# Compile Architecture "decode_architecture" of Entity "decode"
# File: C:/Users/franc/Desktop/TDA_1819/TDA_1819/src/Usuario/PC/2. CPU/2. Etapas/3. Execute/execute.vhd
# Compile Entity "execute"
# Compile Architecture "EXECUTE_ARCHITECTURE" of Entity "execute"
# File: C:/Users/franc/Desktop/TDA_1819/TDA_1819/src/Usuario/PC/2. CPU/2. Etapas/3. Execute/1. ALU/execute_alu.vhd
# Compile Entity "execute_alu"
# Compile Architecture "EXECUTE_ALU_ARCHITECTURE" of Entity "execute_alu"
# File: C:/Users/franc/Desktop/TDA_1819/TDA_1819/src/Usuario/PC/2. CPU/2. Etapas/3. Execute/2. FPU/execute_fpu.vhd
# Compile Entity "execute_fpu"
# Compile Architecture "EXECUTE_FPU_ARCHITECTURE" of Entity "execute_fpu"
# File: C:/Users/franc/Desktop/TDA_1819/TDA_1819/src/Usuario/PC/2. CPU/2. Etapas/4. Memory Access/memory_access.vhd
# Compile Entity "memory_access"
# Compile Architecture "MEMORY_ACCESS_ARCHITECTURE" of Entity "memory_access"
# File: C:/Users/franc/Desktop/TDA_1819/TDA_1819/src/Usuario/PC/2. CPU/2. Etapas/5. Writeback/writeback.vhd
# Compile Entity "writeback"
# Compile Architecture "WRITEBACK_ARCHITECTURE" of Entity "writeback"
# File: C:/Users/franc/Desktop/TDA_1819/TDA_1819/src/Usuario/PC/2. CPU/3. Pipeline_Registros/pipeline_registros.vhd
# Compile Entity "pipeline_registros"
# Compile Architecture "pipeline_registros_architecture" of Entity "pipeline_registros"
# File: C:/Users/franc/Desktop/TDA_1819/TDA_1819/src/Usuario/PC/2. CPU/4. Atascos/atascos.vhd
# Compile Entity "atascos"
# Compile Architecture "ATASCOS_ARCHITECTURE" of Entity "atascos"
# File: C:/Users/franc/Desktop/TDA_1819/TDA_1819/src/Usuario/PC/2. CPU/4. Atascos/1. Estructurales/str_detector.vhd
# Compile Entity "str_detector"
# Compile Architecture "STR_DETECTOR_ARCHITECTURE" of Entity "str_detector"
# File: C:/Users/franc/Desktop/TDA_1819/TDA_1819/src/Usuario/PC/2. CPU/4. Atascos/2. Datos/raw_waw_detector.vhd
# Compile Entity "raw_waw_detector"
# Compile Architecture "RAW_WAW_DETECTOR_ARCHITECTURE" of Entity "raw_waw_detector"
# File: C:/Users/franc/Desktop/TDA_1819/TDA_1819/src/Usuario/PC/2. CPU/5. CPU_Admin/cpu_admin.vhd
# Compile Entity "cpu_admin"
# Compile Architecture "cpu_admin_architecture" of Entity "cpu_admin"
# File: C:/Users/franc/Desktop/TDA_1819/TDA_1819/src/Usuario/PC/2. CPU/6. Reloj/reloj.vhd
# Compile Entity "reloj"
# Compile Architecture "reloj_architecture" of Entity "reloj"
# File: C:/Users/franc/Desktop/TDA_1819/TDA_1819/src/Usuario/PC/2. CPU/7. Registros/registros.vhd
# Compile Entity "registros"
# Compile Architecture "REGISTROS_ARCHITECTURE" of Entity "registros"
# File: C:/Users/franc/Desktop/TDA_1819/TDA_1819/src/Usuario/PC/3. Buses_Admin/buses_admin.vhd
# Compile Entity "buses_admin"
# Compile Architecture "BUSES_ADMIN_ARCHITECTURE" of Entity "buses_admin"
# File: C:/Users/franc/Desktop/TDA_1819/TDA_1819/src/Usuario/PC/4. Memoria/memoria.vhd
# Compile Entity "memoria"
# Compile Architecture "MEMORIA_ARCHITECTURE" of Entity "memoria"
# Compile success 0 Errors 0 Warnings  Analysis time :  0.7 [s]
restart
# ELBREAD: Elaboration process.
# ELBREAD: Elaboration time 0.0 [s].
# 
# KERNEL: Main thread initiated.
# KERNEL: Kernel process initialization phase.
# ELAB2: Elaboration final pass...
# ELAB2: Create instances ...
# KERNEL: Time resolution set to 1ns.
# ELAB2: Create instances complete.
# SLP: Started
# SLP: Elaboration phase ...
# SLP: Elaboration phase ... skipped, nothing to simulate in SLP mode : 0.0 [s]
# SLP: Finished : 0.0 [s]
# ELAB2: Elaboration final pass complete - time: 0.1 [s].
# KERNEL: Warning: You are using the Active-HDL Student Edition. The performance of simulation is running at a reduced rate.
# KERNEL: Warning: Contact Aldec for available upgrade options - sales@aldec.com.
# KERNEL: Kernel process initialization done.
# Allocation: Simulator allocated 50138 kB (elbread=427 elab2=49562 kernel=149 sdf=0)
# KERNEL: ASDB file was created in location C:\Users\franc\Desktop\TDA_1819\TDA_1819\src\wave.asdb
#  11:19 PM, Sunday, November 20, 2022
#  Simulation has been initialized
restart
# ELBREAD: Elaboration process.
# ELBREAD: Elaboration time 0.0 [s].
# 
# KERNEL: Main thread initiated.
# KERNEL: Kernel process initialization phase.
# ELAB2: Elaboration final pass...
# ELAB2: Create instances ...
# KERNEL: Time resolution set to 1ns.
# ELAB2: Create instances complete.
# SLP: Started
# SLP: Elaboration phase ...
# SLP: Elaboration phase ... skipped, nothing to simulate in SLP mode : 0.0 [s]
# SLP: Finished : 0.0 [s]
# ELAB2: Elaboration final pass complete - time: 0.1 [s].
# KERNEL: Warning: You are using the Active-HDL Student Edition. The performance of simulation is running at a reduced rate.
# KERNEL: Warning: Contact Aldec for available upgrade options - sales@aldec.com.
# KERNEL: Kernel process initialization done.
# Allocation: Simulator allocated 50138 kB (elbread=427 elab2=49562 kernel=149 sdf=0)
# KERNEL: ASDB file was created in location C:\Users\franc\Desktop\TDA_1819\TDA_1819\src\wave.asdb
#  11:19 PM, Sunday, November 20, 2022
#  Simulation has been initialized
restart
# ELBREAD: Elaboration process.
# ELBREAD: Elaboration time 0.0 [s].
# 
# KERNEL: Main thread initiated.
# KERNEL: Kernel process initialization phase.
# ELAB2: Elaboration final pass...
# ELAB2: Create instances ...
# KERNEL: Time resolution set to 1ns.
# ELAB2: Create instances complete.
# SLP: Started
# SLP: Elaboration phase ...
# SLP: Elaboration phase ... skipped, nothing to simulate in SLP mode : 0.0 [s]
# SLP: Finished : 0.0 [s]
# ELAB2: Elaboration final pass complete - time: 0.1 [s].
# KERNEL: Warning: You are using the Active-HDL Student Edition. The performance of simulation is running at a reduced rate.
# KERNEL: Warning: Contact Aldec for available upgrade options - sales@aldec.com.
# KERNEL: Kernel process initialization done.
# Allocation: Simulator allocated 50138 kB (elbread=427 elab2=49562 kernel=149 sdf=0)
# KERNEL: ASDB file was created in location C:\Users\franc\Desktop\TDA_1819\TDA_1819\src\wave.asdb
#  11:19 PM, Sunday, November 20, 2022
#  Simulation has been initialized
# add wave -noreg {/usuario/UUT/UUT2/UUT7/IR}
# add wave -noreg {/usuario/UUT/UUT2/UUT7/IP}
# add wave -noreg {/usuario/UUT/UUT2/UUT7/FLAGS}
# add wave -noreg {/usuario/UUT/UUT2/UUT7/FPFLAGS}
# add wave -noreg {/usuario/UUT/UUT2/UUT7/BP}
# add wave -noreg {/usuario/UUT/UUT2/UUT7/SP}
# add wave -noreg {/usuario/UUT/UUT2/UUT7/RA}
# add wave -noreg {/usuario/UUT/UUT2/UUT7/R0}
# add wave -noreg {/usuario/UUT/UUT2/UUT7/R1}
# add wave -noreg {/usuario/UUT/UUT2/UUT7/R2}
# add wave -noreg {/usuario/UUT/UUT2/UUT7/R3}
# add wave -noreg {/usuario/UUT/UUT2/UUT7/R4}
# add wave -noreg {/usuario/UUT/UUT2/UUT7/R5}
# add wave -noreg {/usuario/UUT/UUT2/UUT7/R6}
# add wave -noreg {/usuario/UUT/UUT2/UUT7/R7}
# add wave -noreg {/usuario/UUT/UUT2/UUT7/R8}
# add wave -noreg {/usuario/UUT/UUT2/UUT7/R9}
# add wave -noreg {/usuario/UUT/UUT2/UUT7/R10}
# add wave -noreg {/usuario/UUT/UUT2/UUT7/R11}
# add wave -noreg {/usuario/UUT/UUT2/UUT7/R12}
# add wave -noreg {/usuario/UUT/UUT2/UUT7/R13}
# add wave -noreg {/usuario/UUT/UUT2/UUT7/R14}
# add wave -noreg {/usuario/UUT/UUT2/UUT7/R15}
# add wave -noreg {/usuario/UUT/UUT2/UUT7/F0}
# add wave -noreg {/usuario/UUT/UUT2/UUT7/F1}
# add wave -noreg {/usuario/UUT/UUT2/UUT7/F2}
# add wave -noreg {/usuario/UUT/UUT2/UUT7/F3}
# add wave -noreg {/usuario/UUT/UUT2/UUT7/F4}
# add wave -noreg {/usuario/UUT/UUT2/UUT7/F5}
# add wave -noreg {/usuario/UUT/UUT2/UUT7/F6}
# add wave -noreg {/usuario/UUT/UUT2/UUT7/F7}
# add wave -noreg {/usuario/UUT/UUT2/UUT7/F8}
# add wave -noreg {/usuario/UUT/UUT2/UUT7/F9}
# add wave -noreg {/usuario/UUT/UUT2/UUT7/F10}
# add wave -noreg {/usuario/UUT/UUT2/UUT7/F11}
# add wave -noreg {/usuario/UUT/UUT2/UUT7/F12}
# add wave -noreg {/usuario/UUT/UUT2/UUT7/F13}
# add wave -noreg {/usuario/UUT/UUT2/UUT7/F14}
# add wave -noreg {/usuario/UUT/UUT2/UUT7/F15}
# add wave -noreg {/usuario/UUT/UUT2/UUT7/DataRegOutIF}
# add wave -noreg {/usuario/UUT/UUT2/UUT7/DataRegOutID}
# add wave -noreg {/usuario/UUT/UUT2/UUT7/DataRegOutEXALU}
# add wave -noreg {/usuario/UUT/UUT2/UUT7/DataRegOutEXFPU}
# add wave -noreg {/usuario/UUT/UUT2/UUT7/DataRegFP}
# add wave -noreg {/usuario/UUT/UUT2/UUT7/IdRegFP}
# add wave -noreg {/usuario/UUT/UUT2/UUT7/EnableRegFP}
# add wave -noreg {/usuario/UUT/UUT2/UUT7/DataRegInIF}
# add wave -noreg {/usuario/UUT/UUT2/UUT7/DataRegInID}
# add wave -noreg {/usuario/UUT/UUT2/UUT7/DataRegInEXALU}
# add wave -noreg {/usuario/UUT/UUT2/UUT7/DataRegInEXFPU}
# add wave -noreg {/usuario/UUT/UUT2/UUT7/DataRegInWB}
# add wave -noreg {/usuario/UUT/UUT2/UUT7/IdRegID}
# add wave -noreg {/usuario/UUT/UUT2/UUT7/IdRegWB}
# add wave -noreg {/usuario/UUT/UUT2/UUT7/SizeRegID}
# add wave -noreg {/usuario/UUT/UUT2/UUT7/SizeRegWB}
# add wave -noreg {/usuario/UUT/UUT2/UUT7/EnableRegIFIPRd}
# add wave -noreg {/usuario/UUT/UUT2/UUT7/EnableRegIFIRWr}
# add wave -noreg {/usuario/UUT/UUT2/UUT7/EnableRegIFIPWr}
# add wave -noreg {/usuario/UUT/UUT2/UUT7/EnableRegID}
# add wave -noreg {/usuario/UUT/UUT2/UUT7/EnableRegIDIP}
# add wave -noreg {/usuario/UUT/UUT2/UUT7/EnableRegEXALURd}
# add wave -noreg {/usuario/UUT/UUT2/UUT7/EnableRegEXFPURd}
# add wave -noreg {/usuario/UUT/UUT2/UUT7/EnableRegEXALUWr}
# add wave -noreg {/usuario/UUT/UUT2/UUT7/EnableRegEXFPUWr}
# add wave -noreg {/usuario/UUT/UUT2/UUT7/EnableRegEXALUIP}
# add wave -noreg {/usuario/UUT/UUT2/UUT7/EnableRegWB}
# KERNEL: Warning: KERNEL_0291 Object "/usuario/UUT/UUT2/UUT7/IR" has already been traced.
# KERNEL: Warning: KERNEL_0291 Object "/usuario/UUT/UUT2/UUT7/IP" has already been traced.
# KERNEL: Warning: KERNEL_0291 Object "/usuario/UUT/UUT2/UUT7/FLAGS" has already been traced.
# KERNEL: Warning: KERNEL_0291 Object "/usuario/UUT/UUT2/UUT7/FPFLAGS" has already been traced.
# KERNEL: Warning: KERNEL_0291 Object "/usuario/UUT/UUT2/UUT7/BP" has already been traced.
# KERNEL: Warning: KERNEL_0291 Object "/usuario/UUT/UUT2/UUT7/SP" has already been traced.
# KERNEL: Warning: KERNEL_0291 Object "/usuario/UUT/UUT2/UUT7/RA" has already been traced.
# KERNEL: Warning: KERNEL_0291 Object "/usuario/UUT/UUT2/UUT7/R0" has already been traced.
# KERNEL: Warning: KERNEL_0291 Object "/usuario/UUT/UUT2/UUT7/R1" has already been traced.
# KERNEL: Warning: KERNEL_0291 Object "/usuario/UUT/UUT2/UUT7/R2" has already been traced.
# KERNEL: Warning: KERNEL_0291 Object "/usuario/UUT/UUT2/UUT7/R3" has already been traced.
# KERNEL: Warning: KERNEL_0291 Object "/usuario/UUT/UUT2/UUT7/R4" has already been traced.
# KERNEL: Warning: KERNEL_0291 Object "/usuario/UUT/UUT2/UUT7/R5" has already been traced.
# KERNEL: Warning: KERNEL_0291 Object "/usuario/UUT/UUT2/UUT7/R6" has already been traced.
# KERNEL: Warning: KERNEL_0291 Object "/usuario/UUT/UUT2/UUT7/R7" has already been traced.
# KERNEL: Warning: KERNEL_0291 Object "/usuario/UUT/UUT2/UUT7/R8" has already been traced.
# KERNEL: Warning: KERNEL_0291 Object "/usuario/UUT/UUT2/UUT7/R9" has already been traced.
# KERNEL: Warning: KERNEL_0291 Object "/usuario/UUT/UUT2/UUT7/R10" has already been traced.
# KERNEL: Warning: KERNEL_0291 Object "/usuario/UUT/UUT2/UUT7/R11" has already been traced.
# KERNEL: Warning: KERNEL_0291 Object "/usuario/UUT/UUT2/UUT7/R12" has already been traced.
# KERNEL: Warning: KERNEL_0291 Object "/usuario/UUT/UUT2/UUT7/R13" has already been traced.
# KERNEL: Warning: KERNEL_0291 Object "/usuario/UUT/UUT2/UUT7/R14" has already been traced.
# KERNEL: Warning: KERNEL_0291 Object "/usuario/UUT/UUT2/UUT7/R15" has already been traced.
# KERNEL: Warning: KERNEL_0291 Object "/usuario/UUT/UUT2/UUT7/F0" has already been traced.
# KERNEL: Warning: KERNEL_0291 Object "/usuario/UUT/UUT2/UUT7/F1" has already been traced.
# KERNEL: Warning: KERNEL_0291 Object "/usuario/UUT/UUT2/UUT7/F2" has already been traced.
# KERNEL: Warning: KERNEL_0291 Object "/usuario/UUT/UUT2/UUT7/F3" has already been traced.
# KERNEL: Warning: KERNEL_0291 Object "/usuario/UUT/UUT2/UUT7/F4" has already been traced.
# KERNEL: Warning: KERNEL_0291 Object "/usuario/UUT/UUT2/UUT7/F5" has already been traced.
# KERNEL: Warning: KERNEL_0291 Object "/usuario/UUT/UUT2/UUT7/F6" has already been traced.
# KERNEL: Warning: KERNEL_0291 Object "/usuario/UUT/UUT2/UUT7/F7" has already been traced.
# KERNEL: Warning: KERNEL_0291 Object "/usuario/UUT/UUT2/UUT7/F8" has already been traced.
# KERNEL: Warning: KERNEL_0291 Object "/usuario/UUT/UUT2/UUT7/F9" has already been traced.
# KERNEL: Warning: KERNEL_0291 Object "/usuario/UUT/UUT2/UUT7/F10" has already been traced.
# KERNEL: Warning: KERNEL_0291 Object "/usuario/UUT/UUT2/UUT7/F11" has already been traced.
# KERNEL: Warning: KERNEL_0291 Object "/usuario/UUT/UUT2/UUT7/F12" has already been traced.
# KERNEL: Warning: KERNEL_0291 Object "/usuario/UUT/UUT2/UUT7/F13" has already been traced.
# KERNEL: Warning: KERNEL_0291 Object "/usuario/UUT/UUT2/UUT7/F14" has already been traced.
# KERNEL: Warning: KERNEL_0291 Object "/usuario/UUT/UUT2/UUT7/F15" has already been traced.
# KERNEL: Warning: KERNEL_0291 Object "/usuario/UUT/UUT2/UUT7/DataRegOutIF" has already been traced.
# KERNEL: Warning: KERNEL_0291 Object "/usuario/UUT/UUT2/UUT7/DataRegOutID" has already been traced.
# KERNEL: Warning: KERNEL_0291 Object "/usuario/UUT/UUT2/UUT7/DataRegOutEXALU" has already been traced.
# KERNEL: Warning: KERNEL_0291 Object "/usuario/UUT/UUT2/UUT7/DataRegOutEXFPU" has already been traced.
# KERNEL: Warning: KERNEL_0291 Object "/usuario/UUT/UUT2/UUT7/DataRegFP" has already been traced.
# KERNEL: Warning: KERNEL_0291 Object "/usuario/UUT/UUT2/UUT7/IdRegFP" has already been traced.
# KERNEL: Warning: KERNEL_0291 Object "/usuario/UUT/UUT2/UUT7/EnableRegFP" has already been traced.
# KERNEL: Warning: KERNEL_0291 Object "/usuario/UUT/UUT2/UUT7/DataRegInIF" has already been traced.
# KERNEL: Warning: KERNEL_0291 Object "/usuario/UUT/UUT2/UUT7/DataRegInID" has already been traced.
# KERNEL: Warning: KERNEL_0291 Object "/usuario/UUT/UUT2/UUT7/DataRegInEXALU" has already been traced.
# KERNEL: Warning: KERNEL_0291 Object "/usuario/UUT/UUT2/UUT7/DataRegInEXFPU" has already been traced.
# KERNEL: Warning: KERNEL_0291 Object "/usuario/UUT/UUT2/UUT7/DataRegInWB" has already been traced.
# KERNEL: Warning: KERNEL_0291 Object "/usuario/UUT/UUT2/UUT7/IdRegID" has already been traced.
# KERNEL: Warning: KERNEL_0291 Object "/usuario/UUT/UUT2/UUT7/IdRegWB" has already been traced.
# KERNEL: Warning: KERNEL_0291 Object "/usuario/UUT/UUT2/UUT7/SizeRegID" has already been traced.
# KERNEL: Warning: KERNEL_0291 Object "/usuario/UUT/UUT2/UUT7/SizeRegWB" has already been traced.
# KERNEL: Warning: KERNEL_0291 Object "/usuario/UUT/UUT2/UUT7/EnableRegIFIPRd" has already been traced.
# KERNEL: Warning: KERNEL_0291 Object "/usuario/UUT/UUT2/UUT7/EnableRegIFIRWr" has already been traced.
# KERNEL: Warning: KERNEL_0291 Object "/usuario/UUT/UUT2/UUT7/EnableRegIFIPWr" has already been traced.
# KERNEL: Warning: KERNEL_0291 Object "/usuario/UUT/UUT2/UUT7/EnableRegID" has already been traced.
# KERNEL: Warning: KERNEL_0291 Object "/usuario/UUT/UUT2/UUT7/EnableRegIDIP" has already been traced.
# KERNEL: Warning: KERNEL_0291 Object "/usuario/UUT/UUT2/UUT7/EnableRegEXALURd" has already been traced.
# KERNEL: Warning: KERNEL_0291 Object "/usuario/UUT/UUT2/UUT7/EnableRegEXFPURd" has already been traced.
# KERNEL: Warning: KERNEL_0291 Object "/usuario/UUT/UUT2/UUT7/EnableRegEXALUWr" has already been traced.
# KERNEL: Warning: KERNEL_0291 Object "/usuario/UUT/UUT2/UUT7/EnableRegEXFPUWr" has already been traced.
# KERNEL: Warning: KERNEL_0291 Object "/usuario/UUT/UUT2/UUT7/EnableRegEXALUIP" has already been traced.
# KERNEL: Warning: KERNEL_0291 Object "/usuario/UUT/UUT2/UUT7/EnableRegWB" has already been traced.
# VSIM: 0 object(s) traced.
# Waveform file 'untitled.awc' connected to 'C:/Users/franc/Desktop/TDA_1819/TDA_1819/src/wave.asdb'.
# add wave -noreg {/usuario/UUT/UUT2/UUT2/IFtoID}
# add wave -noreg {/usuario/UUT/UUT2/UUT2/EXFPUPending}
# add wave -noreg {/usuario/UUT/UUT2/UUT2/StallBrEX}
# add wave -noreg {/usuario/UUT/UUT2/UUT2/StallHLT}
# add wave -noreg {/usuario/UUT/UUT2/UUT2/StopInit}
# add wave -noreg {/usuario/UUT/UUT2/UUT2/DoneID}
# add wave -noreg {/usuario/UUT/UUT2/UUT2/IdInstIncWrPend}
# add wave -noreg {/usuario/UUT/UUT2/UUT2/IdRegIncWrPend}
# add wave -noreg {/usuario/UUT/UUT2/UUT2/IdRegDecWrPend}
# add wave -noreg {/usuario/UUT/UUT2/UUT2/BranchIDtoSM}
# add wave -noreg {/usuario/UUT/UUT2/UUT2/IDtoMA}
# add wave -noreg {/usuario/UUT/UUT2/UUT2/DataRegInID}
# add wave -noreg {/usuario/UUT/UUT2/UUT2/IdRegID}
# add wave -noreg {/usuario/UUT/UUT2/UUT2/SizeRegID}
# add wave -noreg {/usuario/UUT/UUT2/UUT2/DataRegInWB}
# add wave -noreg {/usuario/UUT/UUT2/UUT2/IdRegWB}
# add wave -noreg {/usuario/UUT/UUT2/UUT2/SizeRegWB}
# add wave -noreg {/usuario/UUT/UUT2/UUT2/DataRegInEXALU}
# add wave -noreg {/usuario/UUT/UUT2/UUT2/DataRegInEXFPU}
# add wave -noreg {/usuario/UUT/UUT2/UUT2/DataEXtoWB}
# add wave -noreg {/usuario/UUT/UUT2/UUT2/DataMAtoWB}
# add wave -noreg {/usuario/UUT/UUT2/UUT2/DataRegInIF}
# add wave -noreg {/usuario/UUT/UUT2/UUT2/WbRegCheckWAW}
# add wave -noreg {/usuario/UUT/UUT2/UUT2/EnableCheckWAW}
# add wave -noreg {/usuario/UUT/UUT2/UUT2/DoneSTRW}
# add wave -noreg {/usuario/UUT/UUT2/UUT2/DataAddrBusCpu}
# add wave -noreg {/usuario/UUT/UUT2/UUT2/DataDataBusOutCpu}
# add wave -noreg {/usuario/UUT/UUT2/UUT2/DataSizeBusCpu}
# add wave -noreg {/usuario/UUT/UUT2/UUT2/DataCtrlBusCpu}
# add wave -noreg {/usuario/UUT/UUT2/UUT2/InstAddrBusCpu}
# add wave -noreg {/usuario/UUT/UUT2/UUT2/InstDataBusOutCpu}
# add wave -noreg {/usuario/UUT/UUT2/UUT2/InstSizeBusCpu}
# add wave -noreg {/usuario/UUT/UUT2/UUT2/InstCtrlBusCpu}
# add wave -noreg {/usuario/UUT/UUT2/UUT2/EnableRegIFIPRd}
# add wave -noreg {/usuario/UUT/UUT2/UUT2/EnableRegIFIRWr}
# add wave -noreg {/usuario/UUT/UUT2/UUT2/EnableRegIFIPWr}
# add wave -noreg {/usuario/UUT/UUT2/UUT2/EnableRegID}
# add wave -noreg {/usuario/UUT/UUT2/UUT2/EnableRegIDIP}
# add wave -noreg {/usuario/UUT/UUT2/UUT2/EnableRegEXALURd}
# add wave -noreg {/usuario/UUT/UUT2/UUT2/EnableRegEXFPURd}
# add wave -noreg {/usuario/UUT/UUT2/UUT2/EnableRegEXALUWr}
# add wave -noreg {/usuario/UUT/UUT2/UUT2/EnableRegEXFPUWr}
# add wave -noreg {/usuario/UUT/UUT2/UUT2/EnableRegEXALUIP}
# add wave -noreg {/usuario/UUT/UUT2/UUT2/EnableDecFPWrPend}
# add wave -noreg {/usuario/UUT/UUT2/UUT2/EnableCheckSTRM}
# add wave -noreg {/usuario/UUT/UUT2/UUT2/EnableRegWB}
# add wave -noreg {/usuario/UUT/UUT2/UUT2/EnableIncWrPend}
# add wave -noreg {/usuario/UUT/UUT2/UUT2/EnableIncFPWrPend}
# add wave -noreg {/usuario/UUT/UUT2/UUT2/EnableDecWrPend}
# add wave -noreg {/usuario/UUT/UUT2/UUT2/EnableCpuToDataMem}
# add wave -noreg {/usuario/UUT/UUT2/UUT2/EnableCpuToInstMem}
# add wave -noreg {/usuario/UUT/UUT2/UUT2/IDtoEX}
# add wave -noreg {/usuario/UUT/UUT2/UUT2/IDtoWB}
# add wave -noreg {/usuario/UUT/UUT2/UUT2/BranchEXALUtoSM}
# add wave -noreg {/usuario/UUT/UUT2/UUT2/EnableEXALU}
# add wave -noreg {/usuario/UUT/UUT2/UUT2/EnableEXFPU}
# add wave -noreg {/usuario/UUT/UUT2/UUT2/RecInMA}
# add wave -noreg {/usuario/UUT/UUT2/UUT2/RecInWB}
# add wave -noreg {/usuario/UUT/UUT2/UUT2/DataRegOutIF}
# add wave -noreg {/usuario/UUT/UUT2/UUT2/DataRegOutID}
# add wave -noreg {/usuario/UUT/UUT2/UUT2/DataRegOutEXALU}
# add wave -noreg {/usuario/UUT/UUT2/UUT2/DataRegOutEXFPU}
# add wave -noreg {/usuario/UUT/UUT2/UUT2/DataDataBusInCpu}
# add wave -noreg {/usuario/UUT/UUT2/UUT2/InstDataBusInCpu}
# add wave -noreg {/usuario/UUT/UUT2/UUT2/StallSTR}
# add wave -noreg {/usuario/UUT/UUT2/UUT2/StallRAW}
# add wave -noreg {/usuario/UUT/UUT2/UUT2/StallWAWAux}
# add wave -noreg {/usuario/UUT/UUT2/UUT2/WbRegDoneWAW}
# add wave -noreg {/usuario/UUT/UUT2/UUT2/DoneWAW}
# add wave -noreg {/usuario/UUT/UUT2/UUT2/StallWAW}
# add wave -noreg {/usuario/UUT/UUT2/UUT2/EnableInDataCpu}
# add wave -noreg {/usuario/UUT/UUT2/UUT2/EnableInInstCpu}
# add wave -noreg {/usuario/UUT/UUT2/UUT2/EnableIF}
# add wave -noreg {/usuario/UUT/UUT2/UUT2/EnableID}
# add wave -noreg {/usuario/UUT/UUT2/UUT2/EnableEX}
# add wave -noreg {/usuario/UUT/UUT2/UUT2/EnableMA}
# add wave -noreg {/usuario/UUT/UUT2/UUT2/EnableWB}
# KERNEL: Warning: KERNEL_0291 Object "/usuario/UUT/UUT2/UUT2/IFtoID" has already been traced.
# KERNEL: Warning: KERNEL_0291 Object "/usuario/UUT/UUT2/UUT2/EXFPUPending" has already been traced.
# KERNEL: Warning: KERNEL_0291 Object "/usuario/UUT/UUT2/UUT2/StallBrEX" has already been traced.
# KERNEL: Warning: KERNEL_0291 Object "/usuario/UUT/UUT2/UUT2/StallHLT" has already been traced.
# KERNEL: Warning: KERNEL_0291 Object "/usuario/UUT/UUT2/UUT2/StopInit" has already been traced.
# KERNEL: Warning: KERNEL_0291 Object "/usuario/UUT/UUT2/UUT2/DoneID" has already been traced.
# KERNEL: Warning: KERNEL_0291 Object "/usuario/UUT/UUT2/UUT2/IdInstIncWrPend" has already been traced.
# KERNEL: Warning: KERNEL_0291 Object "/usuario/UUT/UUT2/UUT2/IdRegIncWrPend" has already been traced.
# KERNEL: Warning: KERNEL_0291 Object "/usuario/UUT/UUT2/UUT2/IdRegDecWrPend" has already been traced.
# KERNEL: Warning: KERNEL_0291 Object "/usuario/UUT/UUT2/UUT2/BranchIDtoSM" has already been traced.
# KERNEL: Warning: KERNEL_0291 Object "/usuario/UUT/UUT2/UUT2/IDtoMA" has already been traced.
# KERNEL: Warning: KERNEL_0291 Object "/usuario/UUT/UUT2/UUT2/DataRegInID" has already been traced.
# KERNEL: Warning: KERNEL_0291 Object "/usuario/UUT/UUT2/UUT2/IdRegID" has already been traced.
# KERNEL: Warning: KERNEL_0291 Object "/usuario/UUT/UUT2/UUT2/SizeRegID" has already been traced.
# KERNEL: Warning: KERNEL_0291 Object "/usuario/UUT/UUT2/UUT2/DataRegInWB" has already been traced.
# KERNEL: Warning: KERNEL_0291 Object "/usuario/UUT/UUT2/UUT2/IdRegWB" has already been traced.
# KERNEL: Warning: KERNEL_0291 Object "/usuario/UUT/UUT2/UUT2/SizeRegWB" has already been traced.
# KERNEL: Warning: KERNEL_0291 Object "/usuario/UUT/UUT2/UUT2/DataRegInEXALU" has already been traced.
# KERNEL: Warning: KERNEL_0291 Object "/usuario/UUT/UUT2/UUT2/DataRegInEXFPU" has already been traced.
# KERNEL: Warning: KERNEL_0291 Object "/usuario/UUT/UUT2/UUT2/DataEXtoWB" has already been traced.
# KERNEL: Warning: KERNEL_0291 Object "/usuario/UUT/UUT2/UUT2/DataMAtoWB" has already been traced.
# KERNEL: Warning: KERNEL_0291 Object "/usuario/UUT/UUT2/UUT2/DataRegInIF" has already been traced.
# KERNEL: Warning: KERNEL_0291 Object "/usuario/UUT/UUT2/UUT2/WbRegCheckWAW" has already been traced.
# KERNEL: Warning: KERNEL_0291 Object "/usuario/UUT/UUT2/UUT2/EnableCheckWAW" has already been traced.
# KERNEL: Warning: KERNEL_0291 Object "/usuario/UUT/UUT2/UUT2/DoneSTRW" has already been traced.
# KERNEL: Warning: KERNEL_0291 Object "/usuario/UUT/UUT2/UUT2/DataAddrBusCpu" has already been traced.
# KERNEL: Warning: KERNEL_0291 Object "/usuario/UUT/UUT2/UUT2/DataDataBusOutCpu" has already been traced.
# KERNEL: Warning: KERNEL_0291 Object "/usuario/UUT/UUT2/UUT2/DataSizeBusCpu" has already been traced.
# KERNEL: Warning: KERNEL_0291 Object "/usuario/UUT/UUT2/UUT2/DataCtrlBusCpu" has already been traced.
# KERNEL: Warning: KERNEL_0291 Object "/usuario/UUT/UUT2/UUT2/InstAddrBusCpu" has already been traced.
# KERNEL: Warning: KERNEL_0291 Object "/usuario/UUT/UUT2/UUT2/InstDataBusOutCpu" has already been traced.
# KERNEL: Warning: KERNEL_0291 Object "/usuario/UUT/UUT2/UUT2/InstSizeBusCpu" has already been traced.
# KERNEL: Warning: KERNEL_0291 Object "/usuario/UUT/UUT2/UUT2/InstCtrlBusCpu" has already been traced.
# KERNEL: Warning: KERNEL_0291 Object "/usuario/UUT/UUT2/UUT2/EnableRegIFIPRd" has already been traced.
# KERNEL: Warning: KERNEL_0291 Object "/usuario/UUT/UUT2/UUT2/EnableRegIFIRWr" has already been traced.
# KERNEL: Warning: KERNEL_0291 Object "/usuario/UUT/UUT2/UUT2/EnableRegIFIPWr" has already been traced.
# KERNEL: Warning: KERNEL_0291 Object "/usuario/UUT/UUT2/UUT2/EnableRegID" has already been traced.
# KERNEL: Warning: KERNEL_0291 Object "/usuario/UUT/UUT2/UUT2/EnableRegIDIP" has already been traced.
# KERNEL: Warning: KERNEL_0291 Object "/usuario/UUT/UUT2/UUT2/EnableRegEXALURd" has already been traced.
# KERNEL: Warning: KERNEL_0291 Object "/usuario/UUT/UUT2/UUT2/EnableRegEXFPURd" has already been traced.
# KERNEL: Warning: KERNEL_0291 Object "/usuario/UUT/UUT2/UUT2/EnableRegEXALUWr" has already been traced.
# KERNEL: Warning: KERNEL_0291 Object "/usuario/UUT/UUT2/UUT2/EnableRegEXFPUWr" has already been traced.
# KERNEL: Warning: KERNEL_0291 Object "/usuario/UUT/UUT2/UUT2/EnableRegEXALUIP" has already been traced.
# KERNEL: Warning: KERNEL_0291 Object "/usuario/UUT/UUT2/UUT2/EnableDecFPWrPend" has already been traced.
# KERNEL: Warning: KERNEL_0291 Object "/usuario/UUT/UUT2/UUT2/EnableCheckSTRM" has already been traced.
# KERNEL: Warning: KERNEL_0291 Object "/usuario/UUT/UUT2/UUT2/EnableRegWB" has already been traced.
# KERNEL: Warning: KERNEL_0291 Object "/usuario/UUT/UUT2/UUT2/EnableIncWrPend" has already been traced.
# KERNEL: Warning: KERNEL_0291 Object "/usuario/UUT/UUT2/UUT2/EnableIncFPWrPend" has already been traced.
# KERNEL: Warning: KERNEL_0291 Object "/usuario/UUT/UUT2/UUT2/EnableDecWrPend" has already been traced.
# KERNEL: Warning: KERNEL_0291 Object "/usuario/UUT/UUT2/UUT2/EnableCpuToDataMem" has already been traced.
# KERNEL: Warning: KERNEL_0291 Object "/usuario/UUT/UUT2/UUT2/EnableCpuToInstMem" has already been traced.
# KERNEL: Warning: KERNEL_0291 Object "/usuario/UUT/UUT2/UUT2/IDtoEX" has already been traced.
# KERNEL: Warning: KERNEL_0291 Object "/usuario/UUT/UUT2/UUT2/IDtoWB" has already been traced.
# KERNEL: Warning: KERNEL_0291 Object "/usuario/UUT/UUT2/UUT2/BranchEXALUtoSM" has already been traced.
# KERNEL: Warning: KERNEL_0291 Object "/usuario/UUT/UUT2/UUT2/EnableEXALU" has already been traced.
# KERNEL: Warning: KERNEL_0291 Object "/usuario/UUT/UUT2/UUT2/EnableEXFPU" has already been traced.
# KERNEL: Warning: KERNEL_0291 Object "/usuario/UUT/UUT2/UUT2/RecInMA" has already been traced.
# KERNEL: Warning: KERNEL_0291 Object "/usuario/UUT/UUT2/UUT2/RecInWB" has already been traced.
# KERNEL: Warning: KERNEL_0291 Object "/usuario/UUT/UUT2/UUT2/DataRegOutIF" has already been traced.
# KERNEL: Warning: KERNEL_0291 Object "/usuario/UUT/UUT2/UUT2/DataRegOutID" has already been traced.
# KERNEL: Warning: KERNEL_0291 Object "/usuario/UUT/UUT2/UUT2/DataRegOutEXALU" has already been traced.
# KERNEL: Warning: KERNEL_0291 Object "/usuario/UUT/UUT2/UUT2/DataRegOutEXFPU" has already been traced.
# KERNEL: Warning: KERNEL_0291 Object "/usuario/UUT/UUT2/UUT2/DataDataBusInCpu" has already been traced.
# KERNEL: Warning: KERNEL_0291 Object "/usuario/UUT/UUT2/UUT2/InstDataBusInCpu" has already been traced.
# KERNEL: Warning: KERNEL_0291 Object "/usuario/UUT/UUT2/UUT2/StallSTR" has already been traced.
# KERNEL: Warning: KERNEL_0291 Object "/usuario/UUT/UUT2/UUT2/StallRAW" has already been traced.
# KERNEL: Warning: KERNEL_0291 Object "/usuario/UUT/UUT2/UUT2/StallWAWAux" has already been traced.
# KERNEL: Warning: KERNEL_0291 Object "/usuario/UUT/UUT2/UUT2/WbRegDoneWAW" has already been traced.
# KERNEL: Warning: KERNEL_0291 Object "/usuario/UUT/UUT2/UUT2/DoneWAW" has already been traced.
# KERNEL: Warning: KERNEL_0291 Object "/usuario/UUT/UUT2/UUT2/StallWAW" has already been traced.
# KERNEL: Warning: KERNEL_0291 Object "/usuario/UUT/UUT2/UUT2/EnableInDataCpu" has already been traced.
# KERNEL: Warning: KERNEL_0291 Object "/usuario/UUT/UUT2/UUT2/EnableInInstCpu" has already been traced.
# KERNEL: Warning: KERNEL_0291 Object "/usuario/UUT/UUT2/UUT2/EnableIF" has already been traced.
# KERNEL: Warning: KERNEL_0291 Object "/usuario/UUT/UUT2/UUT2/EnableID" has already been traced.
# KERNEL: Warning: KERNEL_0291 Object "/usuario/UUT/UUT2/UUT2/EnableEX" has already been traced.
# KERNEL: Warning: KERNEL_0291 Object "/usuario/UUT/UUT2/UUT2/EnableMA" has already been traced.
# KERNEL: Warning: KERNEL_0291 Object "/usuario/UUT/UUT2/UUT2/EnableWB" has already been traced.
# VSIM: 0 object(s) traced.
run
# EXECUTION:: WARNING: El programa 'Assembler/ejercicio3.asm' ha sido ensamblado exitosamente
# EXECUTION:: Time: 229 ns,  Iteration: 1,  Instance: /usuario,  Process: Main.
# KERNEL: WARNING: NUMERIC_STD.TO_INTEGER: metavalue detected, returning 0
# KERNEL: Time: 1025 ns,  Iteration: 3,  Instance: /usuario/UUT/UUT2/UUT2/UUT3/UUT1,  Process: Main.
# EXECUTION:: WARNING: El programa 'Assembler/ejercicio3.asm' ha sido ejecutado exitosamente
# EXECUTION:: Time: 1600 ns,  Iteration: 1,  Instance: /usuario,  Process: Main.
# KERNEL: Simulation has finished. There are no more test vectors to simulate.
# Waveform file 'C:/Users/franc/Desktop/TDA_1819/TDA_1819/src/cauce_segmentado.awc' connected to 'C:/Users/franc/Desktop/TDA_1819/TDA_1819/src/cauce_segmentado.asdb'.
# Adding file C:\Users\franc\Desktop\TDA_1819\TDA_1819\src\cauce_segmentado.asdb ... Done
# Adding file C:\Users\franc\Desktop\TDA_1819\TDA_1819\src\cauce_segmentado.awc ... Done
# Adding file C:\Users\franc\Desktop\TDA_1819\TDA_1819\src\cauce_segmentado.awc ... Done
# Adding file C:\Users\franc\Desktop\TDA_1819\TDA_1819\src\cauce_segmentado.awc ... Done
# Adding file C:\Users\franc\Desktop\TDA_1819\TDA_1819\src\cauce_segmentado.awc ... Done
# Waveform file 'untitled.awc' connected to 'C:/Users/franc/Desktop/TDA_1819/TDA_1819/src/cauce_no_segmentado.asdb'.
# Waveform file 'untitled.awc' connected to 'C:/Users/franc/Desktop/TDA_1819/TDA_1819/src/cauce_segmentado.asdb'.
# Waveform file 'untitled.awc' connected to 'C:/Users/franc/Desktop/TDA_1819/TDA_1819/src/cauce_no_segmentado.asdb'.
# Waveform file 'C:/Users/franc/Desktop/TDA_1819/TDA_1819/src/cauce_no_segmentado.awc' connected to 'C:/Users/franc/Desktop/TDA_1819/TDA_1819/src/cauce_no_segmentado.asdb'.
# Adding file C:\Users\franc\Desktop\TDA_1819\TDA_1819\src\cauce_no_segmentado.awc ... Done
